2020-11-24 18:05:47.5024 (Program.cs:36) server start........................ 9147773912296456192
2020-11-24 18:06:07.2420 (Session.cs:149) { "_t" : "C2R_Login", "RpcId" : 1, "Account" : "111", "Password" : "111111" }
2020-11-24 18:06:07.4919 (Session.cs:265) { "_t" : "R2G_Register", "RpcId" : 1, "ActorId" : NumberLong(524289), "Account" : "111", "Password" : "111111" }
2020-11-24 18:06:07.5045 (Session.cs:149) { "_t" : "R2G_Register", "RpcId" : 1, "ActorId" : NumberLong(524289), "Account" : "111", "Password" : "111111" }
2020-11-24 18:06:07.6406 (Session.cs:265) { "_t" : "G2R_Register", "RpcId" : 1, "Error" : 0, "Message" : null, "Key" : NumberLong(0), "GateId" : NumberLong(0) }
2020-11-24 18:06:07.6406 (Session.cs:149) { "_t" : "G2R_Register", "RpcId" : 1, "Error" : 0, "Message" : null, "Key" : NumberLong(0), "GateId" : NumberLong(0) }
2020-11-24 18:06:07.6705 (Session.cs:265) { "_t" : "R2G_GetLoginKey", "RpcId" : 2, "ActorId" : NumberLong(524289), "Account" : "111" }
2020-11-24 18:06:07.6705 (Session.cs:149) { "_t" : "R2G_GetLoginKey", "RpcId" : 2, "ActorId" : NumberLong(524289), "Account" : "111" }
2020-11-24 18:06:07.6705 (Session.cs:265) { "_t" : "G2R_GetLoginKey", "RpcId" : 2, "Error" : 0, "Message" : null, "Key" : NumberLong("3773779813424582242"), "GateId" : NumberLong(524289) }
2020-11-24 18:06:07.6847 (Session.cs:149) { "_t" : "G2R_GetLoginKey", "RpcId" : 2, "Error" : 0, "Message" : null, "Key" : NumberLong("3773779813424582242"), "GateId" : NumberLong(524289) }
2020-11-24 18:06:07.6847 (Session.cs:265) { "_t" : "R2C_Login", "RpcId" : 1, "Error" : 0, "Message" : "", "Address" : "127.0.0.1:10003", "Key" : NumberLong("3773779813424582242"), "GateId" : NumberLong(524289) }
2020-11-24 18:06:07.7110 (Session.cs:83) session dispose: 9147774273073971201 ErrorCode: 102008, please see ErrorCode.cs!
2020-11-24 18:06:07.7190 (Session.cs:149) { "_t" : "C2G_LoginGate", "RpcId" : 2, "Key" : NumberLong("3773779813424582242"), "GateId" : NumberLong(524289) }
2020-11-24 18:06:07.7939 (Session.cs:265) { "_t" : "G2C_LoginGate", "RpcId" : 2, "Error" : 0, "Message" : "", "PlayerId" : NumberLong("9147774273080524801") }
2020-11-24 18:06:07.8114 (Session.cs:149) { "_t" : "C2G_PlayerInfo", "RpcId" : 3 }
2020-11-24 18:06:07.8840 (Session.cs:265) { "_t" : "G2C_PlayerInfo", "RpcId" : 3, "Error" : 0, "Message" : "", "PlayerInfo" : { "NickName" : "he", "Level" : 1, "Goldens" : 1000, "Diamods" : 100 } }
2020-11-24 18:06:08.1247 (Session.cs:149) { "_t" : "C2G_EnterMap", "RpcId" : 4 }
2020-11-24 18:06:08.1247 (Session.cs:265) { "_t" : "G2M_CreateUnit", "RpcId" : 3, "ActorId" : NumberLong(1310721), "PlayerId" : NumberLong("9147774273080524801"), "GateSessionId" : NumberLong("268455903233") }
2020-11-24 18:06:08.1410 (Session.cs:149) { "_t" : "G2M_CreateUnit", "RpcId" : 3, "ActorId" : NumberLong(1310721), "PlayerId" : NumberLong("9147774273080524801"), "GateSessionId" : NumberLong("268455903233") }
2020-11-24 18:06:08.1410 (Session.cs:265) { "_t" : "ObjectAddRequest", "RpcId" : 4, "ActorId" : NumberLong(1048577), "Key" : NumberLong("9147774290254102529"), "InstanceId" : NumberLong("268460097537") }
2020-11-24 18:06:08.1515 (Session.cs:149) { "_t" : "ObjectAddRequest", "RpcId" : 4, "ActorId" : NumberLong(1048577), "Key" : NumberLong("9147774290254102529"), "InstanceId" : NumberLong("268460097537") }
2020-11-24 18:06:08.1515 (LocationComponent.cs:47) location add key: 9147774290254102529 instanceId: 268460097537
2020-11-24 18:06:08.1515 (Session.cs:265) { "_t" : "ObjectAddResponse", "RpcId" : 4, "Error" : 0, "Message" : null }
2020-11-24 18:06:08.1515 (Session.cs:149) { "_t" : "ObjectAddResponse", "RpcId" : 4, "Error" : 0, "Message" : null }
2020-11-24 18:06:08.1751 (Session.cs:265) { "_t" : "M2C_CreateUnits", "RpcId" : 0, "ActorId" : NumberLong("268455903233"), "Units" : [{ "UnitId" : NumberLong("9147774290254102529"), "X" : -10.0, "Y" : 0.0, "Z" : -10.0 }] }
2020-11-24 18:06:08.1850 (Session.cs:265) { "_t" : "M2G_CreateUnit", "RpcId" : 3, "Error" : 0, "Message" : null, "mUnit" : { "UnitId" : NumberLong("9147774290254102529"), "X" : -10.0, "Y" : 0.0, "Z" : -10.0 } }
2020-11-24 18:06:08.1850 (Session.cs:149) { "_t" : "M2C_CreateUnits", "RpcId" : 0, "ActorId" : NumberLong("268455903233"), "Units" : [{ "UnitId" : NumberLong("9147774290254102529"), "X" : -10.0, "Y" : 0.0, "Z" : -10.0 }] }
2020-11-24 18:06:08.1850 (Session.cs:265) { "_t" : "M2C_CreateUnits", "RpcId" : 0, "ActorId" : NumberLong(0), "Units" : [{ "UnitId" : NumberLong("9147774290254102529"), "X" : -10.0, "Y" : 0.0, "Z" : -10.0 }] }
2020-11-24 18:06:08.2032 (Session.cs:149) { "_t" : "M2G_CreateUnit", "RpcId" : 3, "Error" : 0, "Message" : null, "mUnit" : { "UnitId" : NumberLong("9147774290254102529"), "X" : -10.0, "Y" : 0.0, "Z" : -10.0 } }
2020-11-24 18:06:08.2032 (Session.cs:265) { "_t" : "G2C_EnterMap", "RpcId" : 4, "Error" : 0, "Message" : "", "UnitId" : NumberLong("9147774290254102529") }
2020-11-24 18:06:22.4445 (Session.cs:265) { "_t" : "ObjectGetRequest", "RpcId" : 5, "ActorId" : NumberLong(1048577), "Key" : NumberLong("9147774290254102529") }
2020-11-24 18:06:22.4486 (Session.cs:83) session dispose: 9147774273079738369 ErrorCode: 102008, please see ErrorCode.cs!
2020-11-24 18:06:22.4486 (Session.cs:149) { "_t" : "ObjectGetRequest", "RpcId" : 5, "ActorId" : NumberLong(1048577), "Key" : NumberLong("9147774290254102529") }
2020-11-24 18:06:22.4486 (LocationComponent.cs:111) location get key: 9147774290254102529 instanceId: 268460097537
2020-11-24 18:06:22.4635 (Session.cs:265) { "_t" : "ObjectGetResponse", "RpcId" : 5, "Error" : 0, "Message" : null, "InstanceId" : NumberLong("268460097537") }
2020-11-24 18:06:22.4635 (Session.cs:149) { "_t" : "ObjectGetResponse", "RpcId" : 5, "Error" : 0, "Message" : null, "InstanceId" : NumberLong("268460097537") }
2020-11-24 18:06:22.4635 (Session.cs:265) { "_t" : "G2M_SessionDisconnect", "RpcId" : 6, "ActorId" : NumberLong("268460097537") }
2020-11-24 18:06:22.4800 (Session.cs:149) { "_t" : "G2M_SessionDisconnect", "RpcId" : 6, "ActorId" : NumberLong("268460097537") }
2020-11-24 18:06:22.4800 (Session.cs:265) { "_t" : "ActorResponse", "RpcId" : 6, "Error" : 0, "Message" : null }
2020-11-24 18:06:22.4800 (Session.cs:149) { "_t" : "ActorResponse", "RpcId" : 6, "Error" : 0, "Message" : null }
2020-11-24 18:06:37.9115 (ActorLocationSenderSystem.cs:30) actor location remove: 9147774290254102529
2020-11-24 18:08:07.4898 (Session.cs:83) session dispose: 9147774273075019777 ErrorCode: 102014, please see ErrorCode.cs!
2020-11-24 18:08:07.4956 (Session.cs:83) session dispose: 9147774273075019777 ErrorCode: 102014, please see ErrorCode.cs!
2020-11-24 18:08:07.4956 (Session.cs:83) session dispose: 9147774273075806209 ErrorCode: 10054, please see ErrorCode.cs!
